@!@!@STARTMSG 2262:0 @!@!@
TLC2 Version 2.16 of 31 December 2020 (rev: cdddf55)
@!@!@ENDMSG 2262 @!@!@
@!@!@STARTMSG 2187:0 @!@!@
Running breadth-first search Model-Checking with fp 33 and seed 1901265427041074129 with 2 workers on 4 cores with 1180MB heap and 2652MB offheap memory [pid: 1380913] (Linux 5.4.0-89-generic amd64, AdoptOpenJDK 14.0.1 x86_64, OffHeapDiskFPSet, DiskStateQueue).
@!@!@ENDMSG 2187 @!@!@
@!@!@STARTMSG 2220:0 @!@!@
Starting SANY...
@!@!@ENDMSG 2220 @!@!@
Parsing file /home/ahamoir/2A/TLA/TLA-TP5/vchan.toolbox/Model_2/MC.tla
Parsing file /home/ahamoir/2A/TLA/TLA-TP5/vchan.toolbox/Model_2/vchan.tla
Parsing file /mnt/n7fs/tla/toolbox-1.7.2/plugins/org.lamport.tlatools_1.0.0.202012311918/tla2sany/StandardModules/TLC.tla
Parsing file /mnt/n7fs/tla/toolbox-1.7.2/plugins/org.lamport.tlatools_1.0.0.202012311918/tla2sany/StandardModules/Naturals.tla
Parsing file /mnt/n7fs/tla/toolbox-1.7.2/plugins/org.lamport.tlatools_1.0.0.202012311918/tla2sany/StandardModules/Sequences.tla
Parsing file /mnt/n7fs/tla/toolbox-1.7.2/plugins/org.lamport.tlatools_1.0.0.202012311918/tla2sany/StandardModules/FiniteSets.tla
Semantic processing of module Naturals
Semantic processing of module Sequences
Semantic processing of module FiniteSets
Semantic processing of module vchan
Semantic processing of module TLC
Semantic processing of module MC
@!@!@STARTMSG 2219:0 @!@!@
SANY finished.
@!@!@ENDMSG 2219 @!@!@
@!@!@STARTMSG 2185:0 @!@!@
Starting... (2023-03-31 09:41:59)
@!@!@ENDMSG 2185 @!@!@
@!@!@STARTMSG 2284:3 @!@!@
Declaring state or action constraints during liveness checking is dangerous: Please read section 14.3.5 on page 247 of Specifying Systems (https://lamport.azurewebsites.net/tla/book.html) and optionally the discussion at https://discuss.tlapl.us/msg00994.html for more details.
@!@!@ENDMSG 2284 @!@!@
@!@!@STARTMSG 2212:0 @!@!@
Implied-temporal checking--satisfiability problem has 11 branches.
@!@!@ENDMSG 2212 @!@!@
@!@!@STARTMSG 2189:0 @!@!@
Computing initial states...
@!@!@ENDMSG 2189 @!@!@
@!@!@STARTMSG 2190:0 @!@!@
Finished computing initial states: 1 distinct state generated at 2023-03-31 09:42:00.
@!@!@ENDMSG 2190 @!@!@
@!@!@STARTMSG 2200:0 @!@!@
Progress(21) at 2023-03-31 09:42:02: 8 686 states generated, 2 949 distinct states found, 0 states left on queue.
@!@!@ENDMSG 2200 @!@!@
@!@!@STARTMSG 2192:0 @!@!@
Checking 11 branches of temporal properties for the complete state space with 32439 total distinct states at (2023-03-31 09:42:02)
@!@!@ENDMSG 2192 @!@!@
@!@!@STARTMSG 2116:1 @!@!@
Temporal properties were violated.

@!@!@ENDMSG 2116 @!@!@
@!@!@STARTMSG 2264:1 @!@!@
The following behavior constitutes a counter-example:

@!@!@ENDMSG 2264 @!@!@
@!@!@STARTMSG 2217:4 @!@!@
1: <Initial predicate>
/\ msg = <<>>
/\ NotifyRead = FALSE
/\ Buffer = <<>>
/\ SenderIT = FALSE
/\ Got = <<>>
/\ NotifyWrite = FALSE
/\ Sent = <<>>
/\ ReceiverState = "Idle"
/\ SenderState = "Idle"
/\ ReceiverLive = TRUE
/\ SenderLive = TRUE
/\ ReceiverIT = FALSE

@!@!@ENDMSG 2217 @!@!@
@!@!@STARTMSG 2217:4 @!@!@
2: <SenderIdle2 line 115, col 16 to line 121, col 133 of module vchan>
/\ msg = <<1, 2>>
/\ NotifyRead = FALSE
/\ Buffer = <<>>
/\ SenderIT = FALSE
/\ Got = <<>>
/\ NotifyWrite = FALSE
/\ Sent = <<1, 2>>
/\ ReceiverState = "Idle"
/\ SenderState = "Writing"
/\ ReceiverLive = TRUE
/\ SenderLive = TRUE
/\ ReceiverIT = FALSE

@!@!@ENDMSG 2217 @!@!@
@!@!@STARTMSG 2217:4 @!@!@
3: <SenderWrite1 line 124, col 17 to line 130, col 132 of module vchan>
/\ msg = <<>>
/\ NotifyRead = FALSE
/\ Buffer = <<1, 2>>
/\ SenderIT = FALSE
/\ Got = <<>>
/\ NotifyWrite = FALSE
/\ Sent = <<1, 2>>
/\ ReceiverState = "Idle"
/\ SenderState = "AfterWriting"
/\ ReceiverLive = TRUE
/\ SenderLive = TRUE
/\ ReceiverIT = FALSE

@!@!@ENDMSG 2217 @!@!@
@!@!@STARTMSG 2217:4 @!@!@
4: <SenderWriteNext1 line 142, col 21 to line 146, col 149 of module vchan>
/\ msg = <<>>
/\ NotifyRead = FALSE
/\ Buffer = <<1, 2>>
/\ SenderIT = FALSE
/\ Got = <<>>
/\ NotifyWrite = FALSE
/\ Sent = <<1, 2>>
/\ ReceiverState = "Idle"
/\ SenderState = "Idle"
/\ ReceiverLive = TRUE
/\ SenderLive = TRUE
/\ ReceiverIT = FALSE

@!@!@ENDMSG 2217 @!@!@
@!@!@STARTMSG 2217:4 @!@!@
5: <SenderIdle2 line 115, col 16 to line 121, col 133 of module vchan>
/\ msg = <<3, 4, 5>>
/\ NotifyRead = FALSE
/\ Buffer = <<1, 2>>
/\ SenderIT = FALSE
/\ Got = <<>>
/\ NotifyWrite = FALSE
/\ Sent = <<1, 2, 3, 4, 5>>
/\ ReceiverState = "Idle"
/\ SenderState = "Writing"
/\ ReceiverLive = TRUE
/\ SenderLive = TRUE
/\ ReceiverIT = FALSE

@!@!@ENDMSG 2217 @!@!@
@!@!@STARTMSG 2217:4 @!@!@
6: <ReceiverIdle2 line 195, col 18 to line 199, col 144 of module vchan>
/\ msg = <<3, 4, 5>>
/\ NotifyRead = FALSE
/\ Buffer = <<1, 2>>
/\ SenderIT = FALSE
/\ Got = <<>>
/\ NotifyWrite = FALSE
/\ Sent = <<1, 2, 3, 4, 5>>
/\ ReceiverState = "Reading"
/\ SenderState = "Writing"
/\ ReceiverLive = TRUE
/\ SenderLive = TRUE
/\ ReceiverIT = FALSE

@!@!@ENDMSG 2217 @!@!@
@!@!@STARTMSG 2217:4 @!@!@
7: <ReceiverRead line 212, col 17 to line 217, col 130 of module vchan>
/\ msg = <<3, 4, 5>>
/\ NotifyRead = FALSE
/\ Buffer = <<>>
/\ SenderIT = FALSE
/\ Got = <<1, 2>>
/\ NotifyWrite = FALSE
/\ Sent = <<1, 2, 3, 4, 5>>
/\ ReceiverState = "AfterReading"
/\ SenderState = "Writing"
/\ ReceiverLive = TRUE
/\ SenderLive = TRUE
/\ ReceiverIT = FALSE

@!@!@ENDMSG 2217 @!@!@
@!@!@STARTMSG 2217:4 @!@!@
8: <ReceiverReadNext line 221, col 21 to line 224, col 147 of module vchan>
/\ msg = <<3, 4, 5>>
/\ NotifyRead = FALSE
/\ Buffer = <<>>
/\ SenderIT = FALSE
/\ Got = <<1, 2>>
/\ NotifyWrite = FALSE
/\ Sent = <<1, 2, 3, 4, 5>>
/\ ReceiverState = "Idle"
/\ SenderState = "Writing"
/\ ReceiverLive = TRUE
/\ SenderLive = TRUE
/\ ReceiverIT = FALSE

@!@!@ENDMSG 2217 @!@!@
@!@!@STARTMSG 2217:4 @!@!@
9: <SenderWrite1 line 124, col 17 to line 130, col 132 of module vchan>
/\ msg = <<>>
/\ NotifyRead = FALSE
/\ Buffer = <<3, 4, 5>>
/\ SenderIT = FALSE
/\ Got = <<1, 2>>
/\ NotifyWrite = FALSE
/\ Sent = <<1, 2, 3, 4, 5>>
/\ ReceiverState = "Idle"
/\ SenderState = "AfterWriting"
/\ ReceiverLive = TRUE
/\ SenderLive = TRUE
/\ ReceiverIT = FALSE

@!@!@ENDMSG 2217 @!@!@
@!@!@STARTMSG 2217:4 @!@!@
10: <ReceiverIdle2 line 195, col 18 to line 199, col 144 of module vchan>
/\ msg = <<>>
/\ NotifyRead = FALSE
/\ Buffer = <<3, 4, 5>>
/\ SenderIT = FALSE
/\ Got = <<1, 2>>
/\ NotifyWrite = FALSE
/\ Sent = <<1, 2, 3, 4, 5>>
/\ ReceiverState = "Reading"
/\ SenderState = "AfterWriting"
/\ ReceiverLive = TRUE
/\ SenderLive = TRUE
/\ ReceiverIT = FALSE

@!@!@ENDMSG 2217 @!@!@
@!@!@STARTMSG 2217:4 @!@!@
11: <ReceiverRead line 212, col 17 to line 217, col 130 of module vchan>
/\ msg = <<>>
/\ NotifyRead = FALSE
/\ Buffer = <<>>
/\ SenderIT = FALSE
/\ Got = <<1, 2, 3, 4, 5>>
/\ NotifyWrite = FALSE
/\ Sent = <<1, 2, 3, 4, 5>>
/\ ReceiverState = "AfterReading"
/\ SenderState = "AfterWriting"
/\ ReceiverLive = TRUE
/\ SenderLive = TRUE
/\ ReceiverIT = FALSE

@!@!@ENDMSG 2217 @!@!@
@!@!@STARTMSG 2217:4 @!@!@
12: <ReceiverReadNext line 221, col 21 to line 224, col 147 of module vchan>
/\ msg = <<>>
/\ NotifyRead = FALSE
/\ Buffer = <<>>
/\ SenderIT = FALSE
/\ Got = <<1, 2, 3, 4, 5>>
/\ NotifyWrite = FALSE
/\ Sent = <<1, 2, 3, 4, 5>>
/\ ReceiverState = "Idle"
/\ SenderState = "AfterWriting"
/\ ReceiverLive = TRUE
/\ SenderLive = TRUE
/\ ReceiverIT = FALSE

@!@!@ENDMSG 2217 @!@!@
@!@!@STARTMSG 2217:4 @!@!@
13: <ReceiverIdle1 line 186, col 18 to line 192, col 131 of module vchan>
/\ msg = <<>>
/\ NotifyRead = FALSE
/\ Buffer = <<>>
/\ SenderIT = FALSE
/\ Got = <<1, 2, 3, 4, 5>>
/\ NotifyWrite = TRUE
/\ Sent = <<1, 2, 3, 4, 5>>
/\ ReceiverState = "Blocked"
/\ SenderState = "AfterWriting"
/\ ReceiverLive = TRUE
/\ SenderLive = TRUE
/\ ReceiverIT = FALSE

@!@!@ENDMSG 2217 @!@!@
@!@!@STARTMSG 2217:4 @!@!@
14: <SenderClose line 248, col 16 to line 250, col 145 of module vchan>
/\ msg = <<>>
/\ NotifyRead = FALSE
/\ Buffer = <<>>
/\ SenderIT = FALSE
/\ Got = <<1, 2, 3, 4, 5>>
/\ NotifyWrite = TRUE
/\ Sent = <<1, 2, 3, 4, 5>>
/\ ReceiverState = "Blocked"
/\ SenderState = "AfterWriting"
/\ ReceiverLive = TRUE
/\ SenderLive = FALSE
/\ ReceiverIT = FALSE

@!@!@ENDMSG 2217 @!@!@
@!@!@STARTMSG 2217:4 @!@!@
15: <SenderEnd line 178, col 14 to line 180, col 142 of module vchan>
/\ msg = <<>>
/\ NotifyRead = FALSE
/\ Buffer = <<>>
/\ SenderIT = FALSE
/\ Got = <<1, 2, 3, 4, 5>>
/\ NotifyWrite = TRUE
/\ Sent = <<1, 2, 3, 4, 5>>
/\ ReceiverState = "Blocked"
/\ SenderState = "Done"
/\ ReceiverLive = TRUE
/\ SenderLive = FALSE
/\ ReceiverIT = FALSE

@!@!@ENDMSG 2217 @!@!@
@!@!@STARTMSG 2218:4 @!@!@
16: Stuttering
@!@!@ENDMSG 2218 @!@!@
@!@!@STARTMSG 2267:0 @!@!@
Finished checking temporal properties in 00s at 2023-03-31 09:42:02
@!@!@ENDMSG 2267 @!@!@
@!@!@STARTMSG 2201:0 @!@!@
The coverage statistics at 2023-03-31 09:42:02
@!@!@ENDMSG 2201 @!@!@
@!@!@STARTMSG 2773:0 @!@!@
<Init line 92, col 1 to line 92, col 4 of module vchan>: 2:2
@!@!@ENDMSG 2773 @!@!@
@!@!@STARTMSG 2221:0 @!@!@
  line 92, col 9 to line 103, col 27 of module vchan: 2
@!@!@ENDMSG 2221 @!@!@
@!@!@STARTMSG 2772:0 @!@!@
<SenderIdle1 line 108, col 1 to line 108, col 11 of module vchan>: 117:159
@!@!@ENDMSG 2772 @!@!@
@!@!@STARTMSG 2221:0 @!@!@
  line 108, col 19 to line 108, col 28 of module vchan: 159
@!@!@ENDMSG 2221 @!@!@
@!@!@STARTMSG 2221:0 @!@!@
  line 109, col 19 to line 109, col 36 of module vchan: 1594
@!@!@ENDMSG 2221 @!@!@
@!@!@STARTMSG 2221:0 @!@!@
  |line 109, col 19 to line 109, col 29 of module vchan: 1435
@!@!@ENDMSG 2221 @!@!@
@!@!@STARTMSG 2221:0 @!@!@
  |line 109, col 33 to line 109, col 36 of module vchan: 1435
@!@!@ENDMSG 2221 @!@!@
@!@!@STARTMSG 2221:0 @!@!@
  line 110, col 19 to line 110, col 31 of module vchan: 496
@!@!@ENDMSG 2221 @!@!@
@!@!@STARTMSG 2221:0 @!@!@
  |line 110, col 20 to line 110, col 31 of module vchan: 337
@!@!@ENDMSG 2221 @!@!@
@!@!@STARTMSG 2221:0 @!@!@
  line 111, col 19 to line 111, col 37 of module vchan: 159
@!@!@ENDMSG 2221 @!@!@
@!@!@STARTMSG 2221:0 @!@!@
  line 112, col 19 to line 112, col 144 of module vchan: 159
@!@!@ENDMSG 2221 @!@!@
@!@!@STARTMSG 2772:0 @!@!@
<SenderIdle2 line 115, col 1 to line 115, col 11 of module vchan>: 50:1011
@!@!@ENDMSG 2772 @!@!@
@!@!@STARTMSG 2221:0 @!@!@
  line 115, col 19 to line 115, col 28 of module vchan: 337
@!@!@ENDMSG 2221 @!@!@
@!@!@STARTMSG 2221:0 @!@!@
  line 116, col 19 to line 116, col 36 of module vchan: 1772
@!@!@ENDMSG 2221 @!@!@
@!@!@STARTMSG 2221:0 @!@!@
  |line 116, col 19 to line 116, col 29 of module vchan: 1435
@!@!@ENDMSG 2221 @!@!@
@!@!@STARTMSG 2221:0 @!@!@
  |line 116, col 33 to line 116, col 36 of module vchan: 1435
@!@!@ENDMSG 2221 @!@!@
@!@!@STARTMSG 2221:0 @!@!@
  line 118, col 22 to line 119, col 41 of module vchan: 1011
@!@!@ENDMSG 2221 @!@!@
@!@!@STARTMSG 2221:0 @!@!@
  line 117, col 28 to line 117, col 43 of module vchan: 337
@!@!@ENDMSG 2221 @!@!@
@!@!@STARTMSG 2775:0 @!@!@
  |line 84, col 13 to line 84, col 63 of module vchan: 337:1348
@!@!@ENDMSG 2775 @!@!@
@!@!@STARTMSG 2775:0 @!@!@
  ||line 84, col 15 to line 84, col 46 of module vchan: 1011:147550
@!@!@ENDMSG 2775 @!@!@
@!@!@STARTMSG 2221:0 @!@!@
  ||line 84, col 56 to line 84, col 61 of module vchan: 337
@!@!@ENDMSG 2221 @!@!@
@!@!@STARTMSG 2221:0 @!@!@
  |line 117, col 32 to line 117, col 42 of module vchan: 337
@!@!@ENDMSG 2221 @!@!@
@!@!@STARTMSG 2221:0 @!@!@
  line 120, col 19 to line 120, col 40 of module vchan: 1011
@!@!@ENDMSG 2221 @!@!@
@!@!@STARTMSG 2221:0 @!@!@
  line 121, col 19 to line 121, col 133 of module vchan: 1011
@!@!@ENDMSG 2221 @!@!@
@!@!@STARTMSG 2772:0 @!@!@
<SenderWrite1 line 124, col 1 to line 124, col 12 of module vchan>: 35:383
@!@!@ENDMSG 2772 @!@!@
@!@!@STARTMSG 2221:0 @!@!@
  line 124, col 20 to line 124, col 29 of module vchan: 383
@!@!@ENDMSG 2221 @!@!@
@!@!@STARTMSG 2221:0 @!@!@
  line 125, col 20 to line 125, col 40 of module vchan: 1816
@!@!@ENDMSG 2221 @!@!@
@!@!@STARTMSG 2221:0 @!@!@
  |line 125, col 20 to line 125, col 30 of module vchan: 1433
@!@!@ENDMSG 2221 @!@!@
@!@!@STARTMSG 2221:0 @!@!@
  |line 125, col 34 to line 125, col 40 of module vchan: 1433
@!@!@ENDMSG 2221 @!@!@
@!@!@STARTMSG 2221:0 @!@!@
  line 126, col 20 to line 126, col 48 of module vchan: 383
@!@!@ENDMSG 2221 @!@!@
@!@!@STARTMSG 2221:0 @!@!@
  |line 126, col 20 to line 126, col 27 of module vchan: 421
@!@!@ENDMSG 2221 @!@!@
@!@!@STARTMSG 2221:0 @!@!@
  |line 126, col 32 to line 126, col 48 of module vchan: 421
@!@!@ENDMSG 2221 @!@!@
@!@!@STARTMSG 2221:0 @!@!@
  line 127, col 20 to line 127, col 42 of module vchan: 383
@!@!@ENDMSG 2221 @!@!@
@!@!@STARTMSG 2221:0 @!@!@
  line 128, col 20 to line 128, col 31 of module vchan: 383
@!@!@ENDMSG 2221 @!@!@
@!@!@STARTMSG 2221:0 @!@!@
  line 129, col 20 to line 129, col 46 of module vchan: 383
@!@!@ENDMSG 2221 @!@!@
@!@!@STARTMSG 2221:0 @!@!@
  line 130, col 20 to line 130, col 132 of module vchan: 383
@!@!@ENDMSG 2221 @!@!@
@!@!@STARTMSG 2772:0 @!@!@
<SenderWrite2 line 133, col 1 to line 133, col 12 of module vchan>: 2:38
@!@!@ENDMSG 2772 @!@!@
@!@!@STARTMSG 2221:0 @!@!@
  line 133, col 20 to line 133, col 29 of module vchan: 38
@!@!@ENDMSG 2221 @!@!@
@!@!@STARTMSG 2221:0 @!@!@
  line 134, col 20 to line 134, col 40 of module vchan: 1469
@!@!@ENDMSG 2221 @!@!@
@!@!@STARTMSG 2221:0 @!@!@
  |line 134, col 20 to line 134, col 30 of module vchan: 1431
@!@!@ENDMSG 2221 @!@!@
@!@!@STARTMSG 2221:0 @!@!@
  |line 134, col 34 to line 134, col 40 of module vchan: 1431
@!@!@ENDMSG 2221 @!@!@
@!@!@STARTMSG 2221:0 @!@!@
  line 135, col 20 to line 135, col 47 of module vchan: 38
@!@!@ENDMSG 2221 @!@!@
@!@!@STARTMSG 2221:0 @!@!@
  |line 135, col 20 to line 135, col 27 of module vchan: 419
@!@!@ENDMSG 2221 @!@!@
@!@!@STARTMSG 2221:0 @!@!@
  |line 135, col 31 to line 135, col 47 of module vchan: 419
@!@!@ENDMSG 2221 @!@!@
@!@!@STARTMSG 2221:0 @!@!@
  line 136, col 20 to line 136, col 67 of module vchan: 38
@!@!@ENDMSG 2221 @!@!@
@!@!@STARTMSG 2221:0 @!@!@
  line 137, col 20 to line 137, col 54 of module vchan: 38
@!@!@ENDMSG 2221 @!@!@
@!@!@STARTMSG 2221:0 @!@!@
  line 138, col 20 to line 138, col 46 of module vchan: 38
@!@!@ENDMSG 2221 @!@!@
@!@!@STARTMSG 2221:0 @!@!@
  line 139, col 20 to line 139, col 132 of module vchan: 38
@!@!@ENDMSG 2221 @!@!@
@!@!@STARTMSG 2772:0 @!@!@
<SenderWriteNext1 line 142, col 1 to line 142, col 16 of module vchan>: 36:403
@!@!@ENDMSG 2772 @!@!@
@!@!@STARTMSG 2221:0 @!@!@
  line 142, col 24 to line 142, col 33 of module vchan: 403
@!@!@ENDMSG 2221 @!@!@
@!@!@STARTMSG 2221:0 @!@!@
  line 143, col 24 to line 143, col 49 of module vchan: 1834
@!@!@ENDMSG 2221 @!@!@
@!@!@STARTMSG 2221:0 @!@!@
  |line 143, col 24 to line 143, col 34 of module vchan: 1431
@!@!@ENDMSG 2221 @!@!@
@!@!@STARTMSG 2221:0 @!@!@
  |line 143, col 38 to line 143, col 49 of module vchan: 1431
@!@!@ENDMSG 2221 @!@!@
@!@!@STARTMSG 2221:0 @!@!@
  line 144, col 24 to line 144, col 35 of module vchan: 861
@!@!@ENDMSG 2221 @!@!@
@!@!@STARTMSG 2221:0 @!@!@
  |line 144, col 24 to line 144, col 31 of module vchan: 458
@!@!@ENDMSG 2221 @!@!@
@!@!@STARTMSG 2221:0 @!@!@
  line 145, col 24 to line 145, col 42 of module vchan: 403
@!@!@ENDMSG 2221 @!@!@
@!@!@STARTMSG 2221:0 @!@!@
  line 146, col 24 to line 146, col 149 of module vchan: 403
@!@!@ENDMSG 2221 @!@!@
@!@!@STARTMSG 2772:0 @!@!@
<SenderWriteNext2 line 150, col 1 to line 150, col 16 of module vchan>: 2:55
@!@!@ENDMSG 2772 @!@!@
@!@!@STARTMSG 2221:0 @!@!@
  line 150, col 24 to line 150, col 33 of module vchan: 55
@!@!@ENDMSG 2221 @!@!@
@!@!@STARTMSG 2221:0 @!@!@
  line 151, col 24 to line 151, col 49 of module vchan: 1485
@!@!@ENDMSG 2221 @!@!@
@!@!@STARTMSG 2221:0 @!@!@
  |line 151, col 24 to line 151, col 34 of module vchan: 1430
@!@!@ENDMSG 2221 @!@!@
@!@!@STARTMSG 2221:0 @!@!@
  |line 151, col 38 to line 151, col 49 of module vchan: 1430
@!@!@ENDMSG 2221 @!@!@
@!@!@STARTMSG 2221:0 @!@!@
  line 152, col 24 to line 152, col 35 of module vchan: 55
@!@!@ENDMSG 2221 @!@!@
@!@!@STARTMSG 2221:0 @!@!@
  |line 152, col 24 to line 152, col 31 of module vchan: 457
@!@!@ENDMSG 2221 @!@!@
@!@!@STARTMSG 2221:0 @!@!@
  line 153, col 24 to line 153, col 45 of module vchan: 55
@!@!@ENDMSG 2221 @!@!@
@!@!@STARTMSG 2221:0 @!@!@
  line 154, col 24 to line 154, col 149 of module vchan: 55
@!@!@ENDMSG 2221 @!@!@
@!@!@STARTMSG 2772:0 @!@!@
<SenderUnblock1 line 160, col 1 to line 160, col 14 of module vchan>: 0:11
@!@!@ENDMSG 2772 @!@!@
@!@!@STARTMSG 2221:0 @!@!@
  line 160, col 22 to line 160, col 31 of module vchan: 11
@!@!@ENDMSG 2221 @!@!@
@!@!@STARTMSG 2221:0 @!@!@
  line 161, col 22 to line 161, col 42 of module vchan: 1441
@!@!@ENDMSG 2221 @!@!@
@!@!@STARTMSG 2221:0 @!@!@
  |line 161, col 22 to line 161, col 32 of module vchan: 1430
@!@!@ENDMSG 2221 @!@!@
@!@!@STARTMSG 2221:0 @!@!@
  |line 161, col 36 to line 161, col 42 of module vchan: 1430
@!@!@ENDMSG 2221 @!@!@
@!@!@STARTMSG 2221:0 @!@!@
  line 162, col 22 to line 162, col 33 of module vchan: 11
@!@!@ENDMSG 2221 @!@!@
@!@!@STARTMSG 2221:0 @!@!@
  line 163, col 22 to line 163, col 42 of module vchan: 11
@!@!@ENDMSG 2221 @!@!@
@!@!@STARTMSG 2221:0 @!@!@
  |line 163, col 22 to line 163, col 38 of module vchan: 18
@!@!@ENDMSG 2221 @!@!@
@!@!@STARTMSG 2221:0 @!@!@
  line 164, col 22 to line 164, col 43 of module vchan: 11
@!@!@ENDMSG 2221 @!@!@
@!@!@STARTMSG 2221:0 @!@!@
  line 165, col 22 to line 165, col 147 of module vchan: 11
@!@!@ENDMSG 2221 @!@!@
@!@!@STARTMSG 2772:0 @!@!@
<SenderUnblock2 line 170, col 1 to line 170, col 14 of module vchan>: 16:22
@!@!@ENDMSG 2772 @!@!@
@!@!@STARTMSG 2221:0 @!@!@
  line 170, col 22 to line 170, col 31 of module vchan: 22
@!@!@ENDMSG 2221 @!@!@
@!@!@STARTMSG 2221:0 @!@!@
  line 171, col 22 to line 171, col 42 of module vchan: 1452
@!@!@ENDMSG 2221 @!@!@
@!@!@STARTMSG 2221:0 @!@!@
  |line 171, col 22 to line 171, col 32 of module vchan: 1430
@!@!@ENDMSG 2221 @!@!@
@!@!@STARTMSG 2221:0 @!@!@
  |line 171, col 36 to line 171, col 42 of module vchan: 1430
@!@!@ENDMSG 2221 @!@!@
@!@!@STARTMSG 2221:0 @!@!@
  line 172, col 22 to line 172, col 34 of module vchan: 62
@!@!@ENDMSG 2221 @!@!@
@!@!@STARTMSG 2221:0 @!@!@
  |line 172, col 23 to line 172, col 34 of module vchan: 40
@!@!@ENDMSG 2221 @!@!@
@!@!@STARTMSG 2221:0 @!@!@
  line 173, col 22 to line 173, col 40 of module vchan: 22
@!@!@ENDMSG 2221 @!@!@
@!@!@STARTMSG 2221:0 @!@!@
  line 174, col 22 to line 174, col 147 of module vchan: 22
@!@!@ENDMSG 2221 @!@!@
@!@!@STARTMSG 2772:0 @!@!@
<SenderEnd line 178, col 1 to line 178, col 9 of module vchan>: 275:1937
@!@!@ENDMSG 2772 @!@!@
@!@!@STARTMSG 2221:0 @!@!@
  line 178, col 17 to line 178, col 35 of module vchan: 1937
@!@!@ENDMSG 2221 @!@!@
@!@!@STARTMSG 2221:0 @!@!@
  |line 178, col 32 to line 178, col 35 of module vchan: 3367
@!@!@ENDMSG 2221 @!@!@
@!@!@STARTMSG 2221:0 @!@!@
  line 179, col 17 to line 179, col 27 of module vchan: 5304
@!@!@ENDMSG 2221 @!@!@
@!@!@STARTMSG 2221:0 @!@!@
  |line 179, col 18 to line 179, col 27 of module vchan: 3367
@!@!@ENDMSG 2221 @!@!@
@!@!@STARTMSG 2221:0 @!@!@
  line 180, col 17 to line 180, col 142 of module vchan: 1937
@!@!@ENDMSG 2221 @!@!@
@!@!@STARTMSG 2772:0 @!@!@
<ReceiverIdle1 line 186, col 1 to line 186, col 13 of module vchan>: 25:66
@!@!@ENDMSG 2772 @!@!@
@!@!@STARTMSG 2221:0 @!@!@
  line 186, col 21 to line 186, col 32 of module vchan: 66
@!@!@ENDMSG 2221 @!@!@
@!@!@STARTMSG 2221:0 @!@!@
  line 187, col 21 to line 187, col 40 of module vchan: 1608
@!@!@ENDMSG 2221 @!@!@
@!@!@STARTMSG 2221:0 @!@!@
  |line 187, col 21 to line 187, col 33 of module vchan: 1542
@!@!@ENDMSG 2221 @!@!@
@!@!@STARTMSG 2221:0 @!@!@
  |line 187, col 37 to line 187, col 40 of module vchan: 1542
@!@!@ENDMSG 2221 @!@!@
@!@!@STARTMSG 2221:0 @!@!@
  line 188, col 21 to line 188, col 30 of module vchan: 66
@!@!@ENDMSG 2221 @!@!@
@!@!@STARTMSG 2221:0 @!@!@
  line 189, col 21 to line 189, col 35 of module vchan: 269
@!@!@ENDMSG 2221 @!@!@
@!@!@STARTMSG 2221:0 @!@!@
  |line 189, col 21 to line 189, col 31 of module vchan: 203
@!@!@ENDMSG 2221 @!@!@
@!@!@STARTMSG 2221:0 @!@!@
  line 190, col 21 to line 190, col 44 of module vchan: 66
@!@!@ENDMSG 2221 @!@!@
@!@!@STARTMSG 2221:0 @!@!@
  line 191, col 21 to line 191, col 39 of module vchan: 66
@!@!@ENDMSG 2221 @!@!@
@!@!@STARTMSG 2221:0 @!@!@
  line 192, col 21 to line 192, col 131 of module vchan: 66
@!@!@ENDMSG 2221 @!@!@
@!@!@STARTMSG 2772:0 @!@!@
<ReceiverIdle2 line 195, col 1 to line 195, col 13 of module vchan>: 126:327
@!@!@ENDMSG 2772 @!@!@
@!@!@STARTMSG 2221:0 @!@!@
  line 195, col 21 to line 195, col 32 of module vchan: 327
@!@!@ENDMSG 2221 @!@!@
@!@!@STARTMSG 2221:0 @!@!@
  line 196, col 21 to line 196, col 40 of module vchan: 1868
@!@!@ENDMSG 2221 @!@!@
@!@!@STARTMSG 2221:0 @!@!@
  |line 196, col 21 to line 196, col 33 of module vchan: 1541
@!@!@ENDMSG 2221 @!@!@
@!@!@STARTMSG 2221:0 @!@!@
  |line 196, col 37 to line 196, col 40 of module vchan: 1541
@!@!@ENDMSG 2221 @!@!@
@!@!@STARTMSG 2221:0 @!@!@
  line 197, col 21 to line 197, col 35 of module vchan: 327
@!@!@ENDMSG 2221 @!@!@
@!@!@STARTMSG 2221:0 @!@!@
  |line 197, col 21 to line 197, col 31 of module vchan: 474
@!@!@ENDMSG 2221 @!@!@
@!@!@STARTMSG 2221:0 @!@!@
  line 198, col 21 to line 198, col 44 of module vchan: 327
@!@!@ENDMSG 2221 @!@!@
@!@!@STARTMSG 2221:0 @!@!@
  line 199, col 21 to line 199, col 144 of module vchan: 327
@!@!@ENDMSG 2221 @!@!@
@!@!@STARTMSG 2772:0 @!@!@
<ReceiverIdle3 line 203, col 1 to line 203, col 13 of module vchan>: 78:82
@!@!@ENDMSG 2772 @!@!@
@!@!@STARTMSG 2221:0 @!@!@
  line 203, col 21 to line 203, col 32 of module vchan: 82
@!@!@ENDMSG 2221 @!@!@
@!@!@STARTMSG 2221:0 @!@!@
  line 204, col 21 to line 204, col 40 of module vchan: 1621
@!@!@ENDMSG 2221 @!@!@
@!@!@STARTMSG 2221:0 @!@!@
  |line 204, col 21 to line 204, col 33 of module vchan: 1539
@!@!@ENDMSG 2221 @!@!@
@!@!@STARTMSG 2221:0 @!@!@
  |line 204, col 37 to line 204, col 40 of module vchan: 1539
@!@!@ENDMSG 2221 @!@!@
@!@!@STARTMSG 2221:0 @!@!@
  line 205, col 21 to line 205, col 31 of module vchan: 554
@!@!@ENDMSG 2221 @!@!@
@!@!@STARTMSG 2221:0 @!@!@
  |line 205, col 22 to line 205, col 31 of module vchan: 472
@!@!@ENDMSG 2221 @!@!@
@!@!@STARTMSG 2221:0 @!@!@
  line 206, col 21 to line 206, col 35 of module vchan: 354
@!@!@ENDMSG 2221 @!@!@
@!@!@STARTMSG 2221:0 @!@!@
  |line 206, col 21 to line 206, col 31 of module vchan: 272
@!@!@ENDMSG 2221 @!@!@
@!@!@STARTMSG 2221:0 @!@!@
  line 207, col 21 to line 207, col 41 of module vchan: 82
@!@!@ENDMSG 2221 @!@!@
@!@!@STARTMSG 2221:0 @!@!@
  line 208, col 21 to line 208, col 144 of module vchan: 82
@!@!@ENDMSG 2221 @!@!@
@!@!@STARTMSG 2772:0 @!@!@
<ReceiverRead line 212, col 1 to line 212, col 12 of module vchan>: 73:275
@!@!@ENDMSG 2772 @!@!@
@!@!@STARTMSG 2221:0 @!@!@
  line 212, col 20 to line 212, col 31 of module vchan: 275
@!@!@ENDMSG 2221 @!@!@
@!@!@STARTMSG 2221:0 @!@!@
  line 213, col 20 to line 213, col 42 of module vchan: 1814
@!@!@ENDMSG 2221 @!@!@
@!@!@STARTMSG 2221:0 @!@!@
  |line 213, col 20 to line 213, col 32 of module vchan: 1539
@!@!@ENDMSG 2221 @!@!@
@!@!@STARTMSG 2221:0 @!@!@
  |line 213, col 36 to line 213, col 42 of module vchan: 1539
@!@!@ENDMSG 2221 @!@!@
@!@!@STARTMSG 2221:0 @!@!@
  line 214, col 20 to line 214, col 75 of module vchan: 275
@!@!@ENDMSG 2221 @!@!@
@!@!@STARTMSG 2221:0 @!@!@
  |line 214, col 27 to line 214, col 75 of module vchan: 275
@!@!@ENDMSG 2221 @!@!@
@!@!@STARTMSG 2221:0 @!@!@
  ||line 214, col 27 to line 214, col 29 of module vchan: 275
@!@!@ENDMSG 2221 @!@!@
@!@!@STARTMSG 2221:0 @!@!@
  ||line 214, col 34 to line 214, col 75 of module vchan: 275
@!@!@ENDMSG 2221 @!@!@
@!@!@STARTMSG 2221:0 @!@!@
  |||line 35, col 15 to line 35, col 29 of module vchan: 275
@!@!@ENDMSG 2221 @!@!@
@!@!@STARTMSG 2221:0 @!@!@
  |||line 214, col 39 to line 214, col 44 of module vchan: 275
@!@!@ENDMSG 2221 @!@!@
@!@!@STARTMSG 2221:0 @!@!@
  |||line 214, col 47 to line 214, col 74 of module vchan: 275
@!@!@ENDMSG 2221 @!@!@
@!@!@STARTMSG 2221:0 @!@!@
  ||||line 31, col 14 to line 31, col 35 of module vchan: 275
@!@!@ENDMSG 2221 @!@!@
@!@!@STARTMSG 2221:0 @!@!@
  |||||line 31, col 17 to line 31, col 21 of module vchan: 275
@!@!@ENDMSG 2221 @!@!@
@!@!@STARTMSG 2221:0 @!@!@
  |||||line 31, col 28 to line 31, col 28 of module vchan: 35
@!@!@ENDMSG 2221 @!@!@
@!@!@STARTMSG 2221:0 @!@!@
  |||||line 31, col 35 to line 31, col 35 of module vchan: 240
@!@!@ENDMSG 2221 @!@!@
@!@!@STARTMSG 2221:0 @!@!@
  ||||line 214, col 51 to line 214, col 60 of module vchan: 275
@!@!@ENDMSG 2221 @!@!@
@!@!@STARTMSG 2221:0 @!@!@
  ||||line 214, col 63 to line 214, col 73 of module vchan: 275
@!@!@ENDMSG 2221 @!@!@
@!@!@STARTMSG 2221:0 @!@!@
  line 215, col 20 to line 215, col 71 of module vchan: 275
@!@!@ENDMSG 2221 @!@!@
@!@!@STARTMSG 2221:0 @!@!@
  |line 215, col 30 to line 215, col 71 of module vchan: 275
@!@!@ENDMSG 2221 @!@!@
@!@!@STARTMSG 2221:0 @!@!@
  ||line 38, col 15 to line 38, col 38 of module vchan: 275
@!@!@ENDMSG 2221 @!@!@
@!@!@STARTMSG 2221:0 @!@!@
  ||line 215, col 35 to line 215, col 40 of module vchan: 275
@!@!@ENDMSG 2221 @!@!@
@!@!@STARTMSG 2221:0 @!@!@
  ||line 215, col 43 to line 215, col 70 of module vchan: 275
@!@!@ENDMSG 2221 @!@!@
@!@!@STARTMSG 2221:0 @!@!@
  |||line 31, col 14 to line 31, col 35 of module vchan: 275
@!@!@ENDMSG 2221 @!@!@
@!@!@STARTMSG 2221:0 @!@!@
  ||||line 31, col 17 to line 31, col 21 of module vchan: 275
@!@!@ENDMSG 2221 @!@!@
@!@!@STARTMSG 2221:0 @!@!@
  ||||line 31, col 28 to line 31, col 28 of module vchan: 35
@!@!@ENDMSG 2221 @!@!@
@!@!@STARTMSG 2221:0 @!@!@
  ||||line 31, col 35 to line 31, col 35 of module vchan: 240
@!@!@ENDMSG 2221 @!@!@
@!@!@STARTMSG 2221:0 @!@!@
  |||line 215, col 47 to line 215, col 56 of module vchan: 275
@!@!@ENDMSG 2221 @!@!@
@!@!@STARTMSG 2221:0 @!@!@
  |||line 215, col 59 to line 215, col 69 of module vchan: 275
@!@!@ENDMSG 2221 @!@!@
@!@!@STARTMSG 2221:0 @!@!@
  line 216, col 20 to line 216, col 48 of module vchan: 275
@!@!@ENDMSG 2221 @!@!@
@!@!@STARTMSG 2221:0 @!@!@
  line 217, col 20 to line 217, col 130 of module vchan: 275
@!@!@ENDMSG 2221 @!@!@
@!@!@STARTMSG 2772:0 @!@!@
<ReceiverReadNext line 221, col 1 to line 221, col 16 of module vchan>: 101:392
@!@!@ENDMSG 2772 @!@!@
@!@!@STARTMSG 2221:0 @!@!@
  line 221, col 24 to line 221, col 35 of module vchan: 392
@!@!@ENDMSG 2221 @!@!@
@!@!@STARTMSG 2221:0 @!@!@
  line 222, col 24 to line 222, col 51 of module vchan: 1929
@!@!@ENDMSG 2221 @!@!@
@!@!@STARTMSG 2221:0 @!@!@
  |line 222, col 24 to line 222, col 36 of module vchan: 1537
@!@!@ENDMSG 2221 @!@!@
@!@!@STARTMSG 2221:0 @!@!@
  |line 222, col 40 to line 222, col 51 of module vchan: 1537
@!@!@ENDMSG 2221 @!@!@
@!@!@STARTMSG 2221:0 @!@!@
  line 223, col 24 to line 223, col 44 of module vchan: 392
@!@!@ENDMSG 2221 @!@!@
@!@!@STARTMSG 2221:0 @!@!@
  line 224, col 24 to line 224, col 147 of module vchan: 392
@!@!@ENDMSG 2221 @!@!@
@!@!@STARTMSG 2772:0 @!@!@
<ReceiverUnblock line 230, col 1 to line 230, col 15 of module vchan>: 44:227
@!@!@ENDMSG 2772 @!@!@
@!@!@STARTMSG 2221:0 @!@!@
  line 230, col 23 to line 230, col 34 of module vchan: 227
@!@!@ENDMSG 2221 @!@!@
@!@!@STARTMSG 2221:0 @!@!@
  line 231, col 23 to line 231, col 45 of module vchan: 1762
@!@!@ENDMSG 2221 @!@!@
@!@!@STARTMSG 2221:0 @!@!@
  |line 231, col 23 to line 231, col 35 of module vchan: 1535
@!@!@ENDMSG 2221 @!@!@
@!@!@STARTMSG 2221:0 @!@!@
  |line 231, col 39 to line 231, col 45 of module vchan: 1535
@!@!@ENDMSG 2221 @!@!@
@!@!@STARTMSG 2221:0 @!@!@
  line 232, col 23 to line 232, col 37 of module vchan: 227
@!@!@ENDMSG 2221 @!@!@
@!@!@STARTMSG 2221:0 @!@!@
  |line 232, col 23 to line 232, col 33 of module vchan: 322
@!@!@ENDMSG 2221 @!@!@
@!@!@STARTMSG 2221:0 @!@!@
  line 233, col 23 to line 233, col 43 of module vchan: 227
@!@!@ENDMSG 2221 @!@!@
@!@!@STARTMSG 2221:0 @!@!@
  line 234, col 23 to line 234, col 146 of module vchan: 227
@!@!@ENDMSG 2221 @!@!@
@!@!@STARTMSG 2772:0 @!@!@
<ReceiverEnd line 238, col 1 to line 238, col 11 of module vchan>: 438:1824
@!@!@ENDMSG 2772 @!@!@
@!@!@STARTMSG 2221:0 @!@!@
  line 238, col 19 to line 238, col 39 of module vchan: 1824
@!@!@ENDMSG 2221 @!@!@
@!@!@STARTMSG 2221:0 @!@!@
  |line 238, col 36 to line 238, col 39 of module vchan: 3359
@!@!@ENDMSG 2221 @!@!@
@!@!@STARTMSG 2221:0 @!@!@
  line 239, col 19 to line 239, col 31 of module vchan: 5183
@!@!@ENDMSG 2221 @!@!@
@!@!@STARTMSG 2221:0 @!@!@
  |line 239, col 20 to line 239, col 31 of module vchan: 3359
@!@!@ENDMSG 2221 @!@!@
@!@!@STARTMSG 2221:0 @!@!@
  line 240, col 19 to line 240, col 142 of module vchan: 1824
@!@!@ENDMSG 2221 @!@!@
@!@!@STARTMSG 2772:0 @!@!@
<SenderClose line 248, col 1 to line 248, col 11 of module vchan>: 391:1423
@!@!@ENDMSG 2772 @!@!@
@!@!@STARTMSG 2221:0 @!@!@
  line 248, col 19 to line 248, col 28 of module vchan: 1423
@!@!@ENDMSG 2221 @!@!@
@!@!@STARTMSG 2221:0 @!@!@
  line 249, col 19 to line 249, col 37 of module vchan: 1423
@!@!@ENDMSG 2221 @!@!@
@!@!@STARTMSG 2221:0 @!@!@
  line 250, col 19 to line 250, col 145 of module vchan: 1423
@!@!@ENDMSG 2221 @!@!@
@!@!@STARTMSG 2772:0 @!@!@
<ReceiverClose line 254, col 1 to line 254, col 13 of module vchan>: 1139:1534
@!@!@ENDMSG 2772 @!@!@
@!@!@STARTMSG 2221:0 @!@!@
  line 254, col 21 to line 254, col 32 of module vchan: 1534
@!@!@ENDMSG 2221 @!@!@
@!@!@STARTMSG 2221:0 @!@!@
  line 255, col 21 to line 255, col 41 of module vchan: 1534
@!@!@ENDMSG 2221 @!@!@
@!@!@STARTMSG 2221:0 @!@!@
  line 256, col 21 to line 256, col 145 of module vchan: 1534
@!@!@ENDMSG 2221 @!@!@
@!@!@STARTMSG 2774:0 @!@!@
<TypeOk line 283, col 1 to line 283, col 6 of module vchan>
@!@!@ENDMSG 2774 @!@!@
@!@!@STARTMSG 2221:0 @!@!@
  line 284, col 3 to line 295, col 22 of module vchan: 3377
@!@!@ENDMSG 2221 @!@!@
@!@!@STARTMSG 2774:0 @!@!@
<Integrity line 298, col 1 to line 298, col 9 of module vchan>
@!@!@ENDMSG 2774 @!@!@
@!@!@STARTMSG 2221:0 @!@!@
  line 298, col 15 to line 298, col 40 of module vchan: 3377
@!@!@ENDMSG 2221 @!@!@
@!@!@STARTMSG 2774:0 @!@!@
<inv_168024851920191000 line 29, col 1 to line 29, col 22 of module MC>
@!@!@ENDMSG 2774 @!@!@
@!@!@STARTMSG 2221:0 @!@!@
  line 30, col 1 to line 30, col 12 of module MC: 3377
@!@!@ENDMSG 2221 @!@!@
@!@!@STARTMSG 2202:0 @!@!@
End of statistics.
@!@!@ENDMSG 2202 @!@!@
@!@!@STARTMSG 2200:0 @!@!@
Progress(21) at 2023-03-31 09:42:02: 8 686 states generated (182 287 s/min), 2 949 distinct states found (61 888 ds/min), 0 states left on queue.
@!@!@ENDMSG 2200 @!@!@
@!@!@STARTMSG 2199:0 @!@!@
8686 states generated, 2949 distinct states found, 0 states left on queue.
@!@!@ENDMSG 2199 @!@!@
@!@!@STARTMSG 2186:0 @!@!@
Finished in 2896ms at (2023-03-31 09:42:02)
@!@!@ENDMSG 2186 @!@!@
