@!@!@STARTMSG 2262:0 @!@!@
TLC2 Version 2.16 of 31 December 2020 (rev: cdddf55)
@!@!@ENDMSG 2262 @!@!@
@!@!@STARTMSG 2187:0 @!@!@
Running breadth-first search Model-Checking with fp 67 and seed -1425649830628721951 with 2 workers on 4 cores with 1182MB heap and 2657MB offheap memory [pid: 2634942] (Linux 5.4.0-89-generic amd64, AdoptOpenJDK 14.0.1 x86_64, OffHeapDiskFPSet, DiskStateQueue).
@!@!@ENDMSG 2187 @!@!@
@!@!@STARTMSG 2220:0 @!@!@
Starting SANY...
@!@!@ENDMSG 2220 @!@!@
Parsing file /home/ahamoir/2A/TLA/TLA-TP3/philosophes1.toolbox/Model_1/MC.tla
Parsing file /home/ahamoir/2A/TLA/TLA-TP3/philosophes1.toolbox/Model_1/philosophes1.tla
Parsing file /mnt/n7fs/tla/toolbox-1.7.2/plugins/org.lamport.tlatools_1.0.0.202012311918/tla2sany/StandardModules/TLC.tla
Parsing file /mnt/n7fs/tla/toolbox-1.7.2/plugins/org.lamport.tlatools_1.0.0.202012311918/tla2sany/StandardModules/Naturals.tla
Parsing file /mnt/n7fs/tla/toolbox-1.7.2/plugins/org.lamport.tlatools_1.0.0.202012311918/tla2sany/StandardModules/Sequences.tla
Parsing file /mnt/n7fs/tla/toolbox-1.7.2/plugins/org.lamport.tlatools_1.0.0.202012311918/tla2sany/StandardModules/FiniteSets.tla
Semantic processing of module Naturals
Semantic processing of module philosophes1
Semantic processing of module Sequences
Semantic processing of module FiniteSets
Semantic processing of module TLC
Semantic processing of module MC
@!@!@STARTMSG 2219:0 @!@!@
SANY finished.
@!@!@ENDMSG 2219 @!@!@
@!@!@STARTMSG 2185:0 @!@!@
Starting... (2023-03-22 11:10:59)
@!@!@ENDMSG 2185 @!@!@
@!@!@STARTMSG 2212:0 @!@!@
Implied-temporal checking--satisfiability problem has 5 branches.
@!@!@ENDMSG 2212 @!@!@
@!@!@STARTMSG 2189:0 @!@!@
Computing initial states...
@!@!@ENDMSG 2189 @!@!@
@!@!@STARTMSG 2190:0 @!@!@
Finished computing initial states: 1 distinct state generated at 2023-03-22 11:11:00.
@!@!@ENDMSG 2190 @!@!@
@!@!@STARTMSG 2114:1 @!@!@
Deadlock reached.
@!@!@ENDMSG 2114 @!@!@
@!@!@STARTMSG 2121:1 @!@!@
The behavior up to this point is:
@!@!@ENDMSG 2121 @!@!@
@!@!@STARTMSG 2217:4 @!@!@
1: <Initial predicate>
/\ etat = (0 :> "T" @@ 1 :> "T" @@ 2 :> "T" @@ 3 :> "T")
/\ etatFourchettes = (0 :> 4 @@ 1 :> 4 @@ 2 :> 4 @@ 3 :> 4)

@!@!@ENDMSG 2217 @!@!@
@!@!@STARTMSG 2217:4 @!@!@
2: <demande line 43, col 5 to line 45, col 32 of module philosophes1>
/\ etat = (0 :> "H" @@ 1 :> "T" @@ 2 :> "T" @@ 3 :> "T")
/\ etatFourchettes = (0 :> 4 @@ 1 :> 4 @@ 2 :> 4 @@ 3 :> 4)

@!@!@ENDMSG 2217 @!@!@
@!@!@STARTMSG 2217:4 @!@!@
3: <priseG line 48, col 5 to line 51, col 21 of module philosophes1>
/\ etat = (0 :> "H" @@ 1 :> "T" @@ 2 :> "T" @@ 3 :> "T")
/\ etatFourchettes = (0 :> 0 @@ 1 :> 4 @@ 2 :> 4 @@ 3 :> 4)

@!@!@ENDMSG 2217 @!@!@
@!@!@STARTMSG 2217:4 @!@!@
4: <demande line 43, col 5 to line 45, col 32 of module philosophes1>
/\ etat = (0 :> "H" @@ 1 :> "H" @@ 2 :> "T" @@ 3 :> "T")
/\ etatFourchettes = (0 :> 0 @@ 1 :> 4 @@ 2 :> 4 @@ 3 :> 4)

@!@!@ENDMSG 2217 @!@!@
@!@!@STARTMSG 2217:4 @!@!@
5: <priseG line 48, col 5 to line 51, col 21 of module philosophes1>
/\ etat = (0 :> "H" @@ 1 :> "H" @@ 2 :> "T" @@ 3 :> "T")
/\ etatFourchettes = (0 :> 0 @@ 1 :> 1 @@ 2 :> 4 @@ 3 :> 4)

@!@!@ENDMSG 2217 @!@!@
@!@!@STARTMSG 2217:4 @!@!@
6: <demande line 43, col 5 to line 45, col 32 of module philosophes1>
/\ etat = (0 :> "H" @@ 1 :> "H" @@ 2 :> "H" @@ 3 :> "T")
/\ etatFourchettes = (0 :> 0 @@ 1 :> 1 @@ 2 :> 4 @@ 3 :> 4)

@!@!@ENDMSG 2217 @!@!@
@!@!@STARTMSG 2217:4 @!@!@
7: <priseG line 48, col 5 to line 51, col 21 of module philosophes1>
/\ etat = (0 :> "H" @@ 1 :> "H" @@ 2 :> "H" @@ 3 :> "T")
/\ etatFourchettes = (0 :> 0 @@ 1 :> 1 @@ 2 :> 2 @@ 3 :> 4)

@!@!@ENDMSG 2217 @!@!@
@!@!@STARTMSG 2217:4 @!@!@
8: <demande line 43, col 5 to line 45, col 32 of module philosophes1>
/\ etat = (0 :> "H" @@ 1 :> "H" @@ 2 :> "H" @@ 3 :> "H")
/\ etatFourchettes = (0 :> 0 @@ 1 :> 1 @@ 2 :> 2 @@ 3 :> 4)

@!@!@ENDMSG 2217 @!@!@
@!@!@STARTMSG 2217:4 @!@!@
9: <priseG line 48, col 5 to line 51, col 21 of module philosophes1>
/\ etat = (0 :> "H" @@ 1 :> "H" @@ 2 :> "H" @@ 3 :> "H")
/\ etatFourchettes = (0 :> 0 @@ 1 :> 1 @@ 2 :> 2 @@ 3 :> 3)

@!@!@ENDMSG 2217 @!@!@
@!@!@STARTMSG 2201:0 @!@!@
The coverage statistics at 2023-03-22 11:11:01
@!@!@ENDMSG 2201 @!@!@
@!@!@STARTMSG 2773:0 @!@!@
<Init line 38, col 1 to line 38, col 4 of module philosophes1>: 2:2
@!@!@ENDMSG 2773 @!@!@
@!@!@STARTMSG 2221:0 @!@!@
  line 39, col 5 to line 40, col 56 of module philosophes1: 2
@!@!@ENDMSG 2221 @!@!@
@!@!@STARTMSG 2772:0 @!@!@
<demande line 42, col 1 to line 42, col 10 of module philosophes1>: 159:539
@!@!@ENDMSG 2772 @!@!@
@!@!@STARTMSG 2221:0 @!@!@
  line 43, col 8 to line 43, col 25 of module philosophes1: 2331
@!@!@ENDMSG 2221 @!@!@
@!@!@STARTMSG 2221:0 @!@!@
  |line 43, col 8 to line 43, col 14 of module philosophes1: 1792
@!@!@ENDMSG 2221 @!@!@
@!@!@STARTMSG 2221:0 @!@!@
  |line 43, col 18 to line 43, col 25 of module philosophes1: 1792
@!@!@ENDMSG 2221 @!@!@
@!@!@STARTMSG 2221:0 @!@!@
  line 44, col 8 to line 44, col 44 of module philosophes1: 539
@!@!@ENDMSG 2221 @!@!@
@!@!@STARTMSG 2221:0 @!@!@
  line 45, col 8 to line 45, col 32 of module philosophes1: 539
@!@!@ENDMSG 2221 @!@!@
@!@!@STARTMSG 2772:0 @!@!@
<priseG line 47, col 1 to line 47, col 9 of module philosophes1>: 101:459
@!@!@ENDMSG 2772 @!@!@
@!@!@STARTMSG 2221:0 @!@!@
  line 48, col 8 to line 48, col 23 of module philosophes1: 2247
@!@!@ENDMSG 2221 @!@!@
@!@!@STARTMSG 2221:0 @!@!@
  |line 48, col 8 to line 48, col 14 of module philosophes1: 1788
@!@!@ENDMSG 2221 @!@!@
@!@!@STARTMSG 2221:0 @!@!@
  |line 48, col 18 to line 48, col 23 of module philosophes1: 1788
@!@!@ENDMSG 2221 @!@!@
@!@!@STARTMSG 2221:0 @!@!@
  line 49, col 8 to line 49, col 37 of module philosophes1: 1606
@!@!@ENDMSG 2221 @!@!@
@!@!@STARTMSG 2221:0 @!@!@
  |line 49, col 8 to line 49, col 29 of module philosophes1: 1147
@!@!@ENDMSG 2221 @!@!@
@!@!@STARTMSG 2221:0 @!@!@
  |line 49, col 33 to line 49, col 37 of module philosophes1: 1147
@!@!@ENDMSG 2221 @!@!@
@!@!@STARTMSG 2221:0 @!@!@
  line 50, col 8 to line 50, col 63 of module philosophes1: 459
@!@!@ENDMSG 2221 @!@!@
@!@!@STARTMSG 2221:0 @!@!@
  line 51, col 8 to line 51, col 21 of module philosophes1: 459
@!@!@ENDMSG 2221 @!@!@
@!@!@STARTMSG 2772:0 @!@!@
<priseD line 53, col 1 to line 53, col 9 of module philosophes1>: 144:461
@!@!@ENDMSG 2772 @!@!@
@!@!@STARTMSG 2221:0 @!@!@
  line 54, col 8 to line 54, col 23 of module philosophes1: 2245
@!@!@ENDMSG 2221 @!@!@
@!@!@STARTMSG 2221:0 @!@!@
  |line 54, col 8 to line 54, col 14 of module philosophes1: 1784
@!@!@ENDMSG 2221 @!@!@
@!@!@STARTMSG 2221:0 @!@!@
  |line 54, col 18 to line 54, col 23 of module philosophes1: 1784
@!@!@ENDMSG 2221 @!@!@
@!@!@STARTMSG 2221:0 @!@!@
  line 55, col 8 to line 55, col 37 of module philosophes1: 1604
@!@!@ENDMSG 2221 @!@!@
@!@!@STARTMSG 2221:0 @!@!@
  |line 55, col 8 to line 55, col 29 of module philosophes1: 1143
@!@!@ENDMSG 2221 @!@!@
@!@!@STARTMSG 2221:0 @!@!@
  |line 55, col 33 to line 55, col 37 of module philosophes1: 1143
@!@!@ENDMSG 2221 @!@!@
@!@!@STARTMSG 2221:0 @!@!@
  line 56, col 8 to line 56, col 63 of module philosophes1: 461
@!@!@ENDMSG 2221 @!@!@
@!@!@STARTMSG 2221:0 @!@!@
  line 57, col 8 to line 57, col 21 of module philosophes1: 461
@!@!@ENDMSG 2221 @!@!@
@!@!@STARTMSG 2772:0 @!@!@
<mange line 59, col 1 to line 59, col 8 of module philosophes1>: 52:139
@!@!@ENDMSG 2772 @!@!@
@!@!@STARTMSG 2221:0 @!@!@
  line 60, col 8 to line 60, col 23 of module philosophes1: 1923
@!@!@ENDMSG 2221 @!@!@
@!@!@STARTMSG 2221:0 @!@!@
  |line 60, col 8 to line 60, col 14 of module philosophes1: 1784
@!@!@ENDMSG 2221 @!@!@
@!@!@STARTMSG 2221:0 @!@!@
  |line 60, col 18 to line 60, col 23 of module philosophes1: 1784
@!@!@ENDMSG 2221 @!@!@
@!@!@STARTMSG 2221:0 @!@!@
  line 61, col 8 to line 61, col 33 of module philosophes1: 1282
@!@!@ENDMSG 2221 @!@!@
@!@!@STARTMSG 2221:0 @!@!@
  |line 61, col 8 to line 61, col 29 of module philosophes1: 1143
@!@!@ENDMSG 2221 @!@!@
@!@!@STARTMSG 2221:0 @!@!@
  |line 61, col 33 to line 61, col 33 of module philosophes1: 1143
@!@!@ENDMSG 2221 @!@!@
@!@!@STARTMSG 2221:0 @!@!@
  line 62, col 8 to line 62, col 33 of module philosophes1: 531
@!@!@ENDMSG 2221 @!@!@
@!@!@STARTMSG 2221:0 @!@!@
  |line 62, col 8 to line 62, col 29 of module philosophes1: 392
@!@!@ENDMSG 2221 @!@!@
@!@!@STARTMSG 2221:0 @!@!@
  |line 62, col 33 to line 62, col 33 of module philosophes1: 392
@!@!@ENDMSG 2221 @!@!@
@!@!@STARTMSG 2221:0 @!@!@
  line 63, col 8 to line 63, col 44 of module philosophes1: 139
@!@!@ENDMSG 2221 @!@!@
@!@!@STARTMSG 2221:0 @!@!@
  line 64, col 8 to line 64, col 32 of module philosophes1: 139
@!@!@ENDMSG 2221 @!@!@
@!@!@STARTMSG 2772:0 @!@!@
<pense line 66, col 1 to line 66, col 8 of module philosophes1>: 0:106
@!@!@ENDMSG 2772 @!@!@
@!@!@STARTMSG 2221:0 @!@!@
  line 67, col 8 to line 67, col 23 of module philosophes1: 1890
@!@!@ENDMSG 2221 @!@!@
@!@!@STARTMSG 2221:0 @!@!@
  |line 67, col 8 to line 67, col 14 of module philosophes1: 1784
@!@!@ENDMSG 2221 @!@!@
@!@!@STARTMSG 2221:0 @!@!@
  |line 67, col 18 to line 67, col 23 of module philosophes1: 1784
@!@!@ENDMSG 2221 @!@!@
@!@!@STARTMSG 2221:0 @!@!@
  line 68, col 8 to line 68, col 46 of module philosophes1: 106
@!@!@ENDMSG 2221 @!@!@
@!@!@STARTMSG 2221:0 @!@!@
  line 69, col 8 to line 69, col 87 of module philosophes1: 106
@!@!@ENDMSG 2221 @!@!@
@!@!@STARTMSG 2774:0 @!@!@
<Action line 33, col 16 to line 33, col 108 of module philosophes1>
@!@!@ENDMSG 2774 @!@!@
@!@!@STARTMSG 2221:0 @!@!@
  line 33, col 16 to line 33, col 108 of module philosophes1: 457
@!@!@ENDMSG 2221 @!@!@
@!@!@STARTMSG 2221:0 @!@!@
  |line 33, col 33 to line 33, col 108 of module philosophes1: 1828
@!@!@ENDMSG 2221 @!@!@
@!@!@STARTMSG 2221:0 @!@!@
  ||line 33, col 33 to line 33, col 48 of module philosophes1: 1828
@!@!@ENDMSG 2221 @!@!@
@!@!@STARTMSG 2221:0 @!@!@
  ||line 33, col 53 to line 33, col 108 of module philosophes1: 139
@!@!@ENDMSG 2221 @!@!@
@!@!@STARTMSG 2221:0 @!@!@
  |line 33, col 25 to line 33, col 30 of module philosophes1: 457
@!@!@ENDMSG 2221 @!@!@
@!@!@STARTMSG 2774:0 @!@!@
<Action line 34, col 16 to line 34, col 110 of module philosophes1>
@!@!@ENDMSG 2774 @!@!@
@!@!@STARTMSG 2221:0 @!@!@
  line 34, col 16 to line 34, col 110 of module philosophes1: 457
@!@!@ENDMSG 2221 @!@!@
@!@!@STARTMSG 2221:0 @!@!@
  |line 34, col 33 to line 34, col 110 of module philosophes1: 1828
@!@!@ENDMSG 2221 @!@!@
@!@!@STARTMSG 2221:0 @!@!@
  ||line 34, col 33 to line 34, col 50 of module philosophes1: 1828
@!@!@ENDMSG 2221 @!@!@
@!@!@STARTMSG 2221:0 @!@!@
  ||line 34, col 55 to line 34, col 110 of module philosophes1: 502
@!@!@ENDMSG 2221 @!@!@
@!@!@STARTMSG 2221:0 @!@!@
  |line 34, col 25 to line 34, col 30 of module philosophes1: 457
@!@!@ENDMSG 2221 @!@!@
@!@!@STARTMSG 2774:0 @!@!@
<Action line 28, col 21 to line 28, col 109 of module philosophes1>
@!@!@ENDMSG 2774 @!@!@
@!@!@STARTMSG 2221:0 @!@!@
  line 28, col 21 to line 28, col 109 of module philosophes1: 457
@!@!@ENDMSG 2221 @!@!@
@!@!@STARTMSG 2774:0 @!@!@
<Action line 31, col 18 to line 31, col 110 of module philosophes1>
@!@!@ENDMSG 2774 @!@!@
@!@!@STARTMSG 2221:0 @!@!@
  line 31, col 18 to line 31, col 110 of module philosophes1: 457
@!@!@ENDMSG 2221 @!@!@
@!@!@STARTMSG 2221:0 @!@!@
  |line 31, col 35 to line 31, col 110 of module philosophes1: 1828
@!@!@ENDMSG 2221 @!@!@
@!@!@STARTMSG 2221:0 @!@!@
  ||line 31, col 36 to line 31, col 51 of module philosophes1: 1828
@!@!@ENDMSG 2221 @!@!@
@!@!@STARTMSG 2221:0 @!@!@
  ||line 31, col 58 to line 31, col 109 of module philosophes1: 139
@!@!@ENDMSG 2221 @!@!@
@!@!@STARTMSG 2221:0 @!@!@
  |line 31, col 27 to line 31, col 32 of module philosophes1: 457
@!@!@ENDMSG 2221 @!@!@
@!@!@STARTMSG 2202:0 @!@!@
End of statistics.
@!@!@ENDMSG 2202 @!@!@
@!@!@STARTMSG 2200:0 @!@!@
Progress(10) at 2023-03-22 11:11:01: 1 575 states generated (46 968 s/min), 457 distinct states found (13 628 ds/min), 34 states left on queue.
@!@!@ENDMSG 2200 @!@!@
@!@!@STARTMSG 2199:0 @!@!@
1575 states generated, 457 distinct states found, 34 states left on queue.
@!@!@ENDMSG 2199 @!@!@
@!@!@STARTMSG 2194:0 @!@!@
The depth of the complete state graph search is 10.
@!@!@ENDMSG 2194 @!@!@
@!@!@STARTMSG 2268:0 @!@!@
The average outdegree of the complete state graph is 1 (minimum is 0, the maximum 5 and the 95th percentile is 3).
@!@!@ENDMSG 2268 @!@!@
@!@!@STARTMSG 2186:0 @!@!@
Finished in 2047ms at (2023-03-22 11:11:01)
@!@!@ENDMSG 2186 @!@!@
